Using pre-set license
Built from '2022.1/staging' branch; Version is '2022.1.14f1 (ff7e140968b4) revision 16743956'; Using compiler version '192829333'; Build Type 'Release'
OS: 'Windows 10  (10.0.19044) 64bit Core' Language: 'en' Physical Memory: 16331 MB
BatchMode: 1, IsHumanControllingUs: 0, StartBugReporterOnCrash: 0, Is64bit: 1, IsPro: 1

COMMAND LINE ARGUMENTS:
C:\Program Files\Unity\Hub\Editor\2022.1.14f1\Editor\Unity.exe
-adb2
-batchMode
-noUpm
-name
AssetImportWorker0
-projectPath
C:/Users/njere/Documents/GitHub/Singleton/Nystrom's Heroine
-logFile
Logs/AssetImportWorker0.log
-srvPort
54573
Successfully changed project path to: C:/Users/njere/Documents/GitHub/Singleton/Nystrom's Heroine
C:/Users/njere/Documents/GitHub/Singleton/Nystrom's Heroine
[UnityMemory] Configuration Parameters - Can be set up in boot.config
    "memorysetup-bucket-allocator-granularity=16"
    "memorysetup-bucket-allocator-bucket-count=8"
    "memorysetup-bucket-allocator-block-size=33554432"
    "memorysetup-bucket-allocator-block-count=8"
    "memorysetup-main-allocator-block-size=16777216"
    "memorysetup-thread-allocator-block-size=16777216"
    "memorysetup-gfx-main-allocator-block-size=16777216"
    "memorysetup-gfx-thread-allocator-block-size=16777216"
    "memorysetup-cache-allocator-block-size=4194304"
    "memorysetup-typetree-allocator-block-size=2097152"
    "memorysetup-profiler-bucket-allocator-granularity=16"
    "memorysetup-profiler-bucket-allocator-bucket-count=8"
    "memorysetup-profiler-bucket-allocator-block-size=33554432"
    "memorysetup-profiler-bucket-allocator-block-count=8"
    "memorysetup-profiler-allocator-block-size=16777216"
    "memorysetup-profiler-editor-allocator-block-size=1048576"
    "memorysetup-temp-allocator-size-main=16777216"
    "memorysetup-job-temp-allocator-block-size=2097152"
    "memorysetup-job-temp-allocator-block-size-background=1048576"
    "memorysetup-job-temp-allocator-reduction-small-platforms=262144"
    "memorysetup-temp-allocator-size-background-worker=32768"
    "memorysetup-temp-allocator-size-job-worker=262144"
    "memorysetup-temp-allocator-size-preload-manager=33554432"
    "memorysetup-temp-allocator-size-nav-mesh-worker=65536"
    "memorysetup-temp-allocator-size-audio-worker=65536"
    "memorysetup-temp-allocator-size-cloud-worker=32768"
    "memorysetup-temp-allocator-size-gi-baking-worker=262144"
    "memorysetup-temp-allocator-size-gfx=262144"
Refreshing native plugins compatible for Editor in 0.28 ms, found 0 plugins.
Preloading 0 native plugins for Editor in 0.00 ms.
Initialize engine version: 2022.1.14f1 (ff7e140968b4)
[Subsystems] Discovering subsystems at path C:/Program Files/Unity/Hub/Editor/2022.1.14f1/Editor/Data/Resources/UnitySubsystems
[Subsystems] Discovering subsystems at path C:/Users/njere/Documents/GitHub/Singleton/Nystrom's Heroine/Assets
GfxDevice: creating device client; threaded=0; jobified=0
Direct3D:
    Version:  Direct3D 11.0 [level 11.1]
    Renderer: NVIDIA GeForce GTX 1650 (ID=0x1f82)
    Vendor:   NVIDIA
    VRAM:     3962 MB
    Driver:   31.0.15.1694
Initialize mono
Mono path[0] = 'C:/Program Files/Unity/Hub/Editor/2022.1.14f1/Editor/Data/Managed'
Mono path[1] = 'C:/Program Files/Unity/Hub/Editor/2022.1.14f1/Editor/Data/MonoBleedingEdge/lib/mono/unityjit-win32'
Mono config path = 'C:/Program Files/Unity/Hub/Editor/2022.1.14f1/Editor/Data/MonoBleedingEdge/etc'
Using monoOptions --debugger-agent=transport=dt_socket,embedding=1,server=y,suspend=n,address=127.0.0.1:56140
Begin MonoManager ReloadAssembly
Registering precompiled unity dll's ...
Register platform support module: C:/Program Files/Unity/Hub/Editor/2022.1.14f1/Editor/Data/PlaybackEngines/WebGLSupport/UnityEditor.WebGL.Extensions.dll
Register platform support module: C:/Program Files/Unity/Hub/Editor/2022.1.14f1/Editor/Data/PlaybackEngines/WindowsStandaloneSupport/UnityEditor.WindowsStandalone.Extensions.dll
Registered in 0.013962 seconds.
Native extension for WindowsStandalone target not found
Native extension for WebGL target not found
Refreshing native plugins compatible for Editor in 0.19 ms, found 0 plugins.
Preloading 0 native plugins for Editor in 0.00 ms.
Mono: successfully reloaded assembly
- Completed reload, in  0.753 seconds
Domain Reload Profiling:
	ReloadAssembly (754ms)
		BeginReloadAssembly (107ms)
			ExecutionOrderSort (0ms)
			DisableScriptedObjects (0ms)
			BackupInstance (0ms)
			ReleaseScriptingObjects (0ms)
			CreateAndSetChildDomain (1ms)
		EndReloadAssembly (485ms)
			LoadAssemblies (103ms)
			RebuildTransferFunctionScriptingTraits (0ms)
			SetupTypeCache (140ms)
				TypeCache.Initialize (140ms)
					TypeCache.ScanAssembly (138ms)
				ResolveRequiredComponents (1ms)
			ReleaseScriptCaches (0ms)
			RebuildScriptCaches (34ms)
			SetupLoadedEditorAssemblies (244ms)
				LogAssemblyErrors (0ms)
				InitializePlatformSupportModulesInManaged (13ms)
				SetLoadedEditorAssemblies (10ms)
				RefreshPlugins (0ms)
				BeforeProcessingInitializeOnLoad (1ms)
				ProcessInitializeOnLoadAttributes (166ms)
				ProcessInitializeOnLoadMethodAttributes (54ms)
				AfterProcessingInitializeOnLoad (0ms)
				EditorAssembliesLoaded (0ms)
			ExecutionOrderSort2 (0ms)
			AwakeInstancesAfterBackupRestoration (0ms)
Platform modules already initialized, skipping
Registering precompiled user dll's ...
Registered in 0.000000 seconds.
Begin MonoManager ReloadAssembly
Native extension for WindowsStandalone target not found
Native extension for WebGL target not found
Refreshing native plugins compatible for Editor in 0.01 ms, found 0 plugins.
Preloading 0 native plugins for Editor in 0.00 ms.
Mono: successfully reloaded assembly
- Completed reload, in  0.789 seconds
Domain Reload Profiling:
	ReloadAssembly (790ms)
		BeginReloadAssembly (144ms)
			ExecutionOrderSort (0ms)
			DisableScriptedObjects (7ms)
			BackupInstance (0ms)
			ReleaseScriptingObjects (0ms)
			CreateAndSetChildDomain (22ms)
		EndReloadAssembly (549ms)
			LoadAssemblies (79ms)
			RebuildTransferFunctionScriptingTraits (0ms)
			SetupTypeCache (146ms)
				TypeCache.Initialize (146ms)
					TypeCache.ScanAssembly (143ms)
				ResolveRequiredComponents (1ms)
			ReleaseScriptCaches (0ms)
			RebuildScriptCaches (31ms)
			SetupLoadedEditorAssemblies (237ms)
				LogAssemblyErrors (0ms)
				InitializePlatformSupportModulesInManaged (18ms)
				SetLoadedEditorAssemblies (7ms)
				RefreshPlugins (0ms)
				BeforeProcessingInitializeOnLoad (27ms)
				ProcessInitializeOnLoadAttributes (145ms)
				ProcessInitializeOnLoadMethodAttributes (22ms)
				AfterProcessingInitializeOnLoad (17ms)
				EditorAssembliesLoaded (0ms)
			ExecutionOrderSort2 (0ms)
			AwakeInstancesAfterBackupRestoration (8ms)
Platform modules already initialized, skipping
========================================================================
Worker process is ready to serve import requests
Launched and connected shader compiler UnityShaderCompiler.exe after 0.06 seconds
Refreshing native plugins compatible for Editor in 0.01 ms, found 0 plugins.
Preloading 0 native plugins for Editor in 0.00 ms.
Unloading 6 Unused Serialized files (Serialized files now loaded: 0)
Unloading 3 unused Assets / (49.9 KB). Loaded Objects now: 478.
Memory consumption went from 36.3 MB to 36.2 MB.
Total: 2.885700 ms (FindLiveObjects: 0.040000 ms CreateObjectMapping: 0.003200 ms MarkObjects: 2.747800 ms  DeleteObjects: 0.093300 ms)

AssetImportParameters requested are different than current active one (requested -> active):
  custom:video-decoder-ogg-theora: a1e56fd34408186e4bbccfd4996cb3dc -> 
  custom:container-muxer-webm: aa71ff27fc2769a1b78a27578f13a17b -> 
  custom:container-demuxer-webm: 4f35f7cbe854078d1ac9338744f61a02 -> 
  custom:video-encoder-webm-vp8: eb34c28f22e8b96e1ab97ce403110664 -> 
  custom:audio-encoder-webm-vorbis: bf7c407c2cedff20999df2af8eb42d56 -> 
  custom:framework-win-MediaFoundation: 216162199b28c13a410421893ffa2e32 -> 
  custom:container-demuxer-ogg: 62fdf1f143b41e24485cea50d1cbac27 -> 
  custom:video-decoder-webm-vp8: 9c59270c3fd7afecdb556c50c9e8de78 -> 
  custom:audio-decoder-ogg-vorbis: bf7c407c2cedff20999df2af8eb42d56 -> 
========================================================================
Received Import Request.
  Time since last request: 120110.603992 seconds.
  path: Assets
  artifactKey: Guid(00000000000000001000000000000000) Importer(815301076,1909f56bfc062723c751e8b465ee728b)
Start importing Assets using Guid(00000000000000001000000000000000) Importer(815301076,1909f56bfc062723c751e8b465ee728b)  -> (artifact id: '6e8165099f8bfd50797b2ebe9f8b211b') in 0.008526 seconds 
========================================================================
Received Import Request.
  Time since last request: 5.926706 seconds.
  path: Assets/Player.cs
  artifactKey: Guid(b26eaa0da6c11d4438e3d6866f25527e) Importer(815301076,1909f56bfc062723c751e8b465ee728b)
Start importing Assets/Player.cs using Guid(b26eaa0da6c11d4438e3d6866f25527e) Importer(815301076,1909f56bfc062723c751e8b465ee728b)  -> (artifact id: '26c272cd6b0d1fb08664633ae4216173') in 0.066193 seconds 
========================================================================
Received Prepare
Registering precompiled user dll's ...
Registered in 0.000000 seconds.
Begin MonoManager ReloadAssembly
Native extension for WindowsStandalone target not found
Native extension for WebGL target not found
Refreshing native plugins compatible for Editor in 0.03 ms, found 0 plugins.
Preloading 0 native plugins for Editor in 0.00 ms.
Mono: successfully reloaded assembly
- Completed reload, in  1.117 seconds
Domain Reload Profiling:
	ReloadAssembly (1119ms)
		BeginReloadAssembly (172ms)
			ExecutionOrderSort (0ms)
			DisableScriptedObjects (7ms)
			BackupInstance (0ms)
			ReleaseScriptingObjects (0ms)
			CreateAndSetChildDomain (26ms)
		EndReloadAssembly (824ms)
			LoadAssemblies (102ms)
			RebuildTransferFunctionScriptingTraits (0ms)
			SetupTypeCache (195ms)
				TypeCache.Initialize (194ms)
					TypeCache.ScanAssembly (191ms)
				ResolveRequiredComponents (1ms)
			ReleaseScriptCaches (0ms)
			RebuildScriptCaches (42ms)
			SetupLoadedEditorAssemblies (392ms)
				LogAssemblyErrors (0ms)
				InitializePlatformSupportModulesInManaged (27ms)
				SetLoadedEditorAssemblies (10ms)
				RefreshPlugins (0ms)
				BeforeProcessingInitializeOnLoad (39ms)
				ProcessInitializeOnLoadAttributes (242ms)
				ProcessInitializeOnLoadMethodAttributes (47ms)
				AfterProcessingInitializeOnLoad (27ms)
				EditorAssembliesLoaded (0ms)
			ExecutionOrderSort2 (0ms)
			AwakeInstancesAfterBackupRestoration (13ms)
Platform modules already initialized, skipping
Refreshing native plugins compatible for Editor in 0.02 ms, found 0 plugins.
Preloading 0 native plugins for Editor in 0.00 ms.
Unloading 2 Unused Serialized files (Serialized files now loaded: 0)
Unloading 1 unused Assets / (7.8 KB). Loaded Objects now: 479.
Memory consumption went from 35.6 MB to 35.6 MB.
Total: 4.424300 ms (FindLiveObjects: 0.055600 ms CreateObjectMapping: 0.005000 ms MarkObjects: 4.338600 ms  DeleteObjects: 0.023700 ms)

AssetImportParameters requested are different than current active one (requested -> active):
  custom:video-decoder-ogg-theora: a1e56fd34408186e4bbccfd4996cb3dc -> 
  custom:container-muxer-webm: aa71ff27fc2769a1b78a27578f13a17b -> 
  custom:container-demuxer-webm: 4f35f7cbe854078d1ac9338744f61a02 -> 
  custom:video-encoder-webm-vp8: eb34c28f22e8b96e1ab97ce403110664 -> 
  custom:audio-encoder-webm-vorbis: bf7c407c2cedff20999df2af8eb42d56 -> 
  custom:framework-win-MediaFoundation: 216162199b28c13a410421893ffa2e32 -> 
  custom:container-demuxer-ogg: 62fdf1f143b41e24485cea50d1cbac27 -> 
  custom:video-decoder-webm-vp8: 9c59270c3fd7afecdb556c50c9e8de78 -> 
  custom:audio-decoder-ogg-vorbis: bf7c407c2cedff20999df2af8eb42d56 -> 
========================================================================
Received Import Request.
  Time since last request: 29.751563 seconds.
  path: Assets/Player.cs
  artifactKey: Guid(b26eaa0da6c11d4438e3d6866f25527e) Importer(815301076,1909f56bfc062723c751e8b465ee728b)
Start importing Assets/Player.cs using Guid(b26eaa0da6c11d4438e3d6866f25527e) Importer(815301076,1909f56bfc062723c751e8b465ee728b)  -> (artifact id: '10812dd6f78cf0f347cd572bfa31f52b') in 0.004177 seconds 
========================================================================
Received Import Request.
  Time since last request: 9.149641 seconds.
  path: Assets/IPlayerState.cs
  artifactKey: Guid(a953a2c968db5c14990b1adcb277a2f0) Importer(815301076,1909f56bfc062723c751e8b465ee728b)
Start importing Assets/IPlayerState.cs using Guid(a953a2c968db5c14990b1adcb277a2f0) Importer(815301076,1909f56bfc062723c751e8b465ee728b)  -> (artifact id: 'c697ae0a137041e23f705be7a70035ec') in 0.008456 seconds 
========================================================================
Received Import Request.
  Time since last request: 83.217852 seconds.
  path: Assets/IPlayerState.cs
  artifactKey: Guid(a953a2c968db5c14990b1adcb277a2f0) Importer(815301076,1909f56bfc062723c751e8b465ee728b)
Start importing Assets/IPlayerState.cs using Guid(a953a2c968db5c14990b1adcb277a2f0) Importer(815301076,1909f56bfc062723c751e8b465ee728b)  -> (artifact id: '869157ad1202656894bb10842fa8692f') in 0.003670 seconds 
========================================================================
Received Import Request.
  Time since last request: 59.273433 seconds.
  path: Assets/StandingState.cs
  artifactKey: Guid(c5e941d9537b2df44af19c20c2c1e454) Importer(815301076,1909f56bfc062723c751e8b465ee728b)
Start importing Assets/StandingState.cs using Guid(c5e941d9537b2df44af19c20c2c1e454) Importer(815301076,1909f56bfc062723c751e8b465ee728b)  -> (artifact id: '7f73cbfd01462c84bb7adf1263cc1b76') in 0.008218 seconds 
========================================================================
Received Import Request.
  Time since last request: 44.791548 seconds.
  path: Assets/StandingState.cs
  artifactKey: Guid(c5e941d9537b2df44af19c20c2c1e454) Importer(815301076,1909f56bfc062723c751e8b465ee728b)
Start importing Assets/StandingState.cs using Guid(c5e941d9537b2df44af19c20c2c1e454) Importer(815301076,1909f56bfc062723c751e8b465ee728b)  -> (artifact id: '515e7cda9f2050473c7175378d83d6d0') in 0.002775 seconds 
========================================================================
Received Import Request.
  Time since last request: 7.262812 seconds.
  path: Assets/JumpingState.cs
  artifactKey: Guid(a422a65e6dc17674c83b2f4dc6a3f88d) Importer(815301076,1909f56bfc062723c751e8b465ee728b)
Start importing Assets/JumpingState.cs using Guid(a422a65e6dc17674c83b2f4dc6a3f88d) Importer(815301076,1909f56bfc062723c751e8b465ee728b)  -> (artifact id: '3405fa3d24c72e3480f443b89f477d25') in 0.007151 seconds 
========================================================================
Received Import Request.
  Time since last request: 77.441834 seconds.
  path: Assets/DuckingState.cs
  artifactKey: Guid(7aa31eb988db58f48b3dedad21e89845) Importer(815301076,1909f56bfc062723c751e8b465ee728b)
Start importing Assets/DuckingState.cs using Guid(7aa31eb988db58f48b3dedad21e89845) Importer(815301076,1909f56bfc062723c751e8b465ee728b)  -> (artifact id: '7bf95ffd8b6ee60f9044adece4bede8d') in 0.007416 seconds 
========================================================================
Received Import Request.
  Time since last request: 37.487152 seconds.
  path: Assets/DuckingState.cs
  artifactKey: Guid(7aa31eb988db58f48b3dedad21e89845) Importer(815301076,1909f56bfc062723c751e8b465ee728b)
Start importing Assets/DuckingState.cs using Guid(7aa31eb988db58f48b3dedad21e89845) Importer(815301076,1909f56bfc062723c751e8b465ee728b)  -> (artifact id: '5a4b7dc2cf62910b571a14ff435f445b') in 0.003030 seconds 
========================================================================
Received Import Request.
  Time since last request: 7.960502 seconds.
  path: Assets/DivingState.cs
  artifactKey: Guid(ae49a931c2ad7e34ea813699d1ef52c7) Importer(815301076,1909f56bfc062723c751e8b465ee728b)
Start importing Assets/DivingState.cs using Guid(ae49a931c2ad7e34ea813699d1ef52c7) Importer(815301076,1909f56bfc062723c751e8b465ee728b)  -> (artifact id: '6b3e0ecde9c89ca6089e4e895523ec29') in 0.007024 seconds 
========================================================================
Received Import Request.
  Time since last request: 116.947925 seconds.
  path: Assets/DivingState.cs
  artifactKey: Guid(ae49a931c2ad7e34ea813699d1ef52c7) Importer(815301076,1909f56bfc062723c751e8b465ee728b)
Start importing Assets/DivingState.cs using Guid(ae49a931c2ad7e34ea813699d1ef52c7) Importer(815301076,1909f56bfc062723c751e8b465ee728b)  -> (artifact id: '3a01a8552136e0f1445006a99b667ef2') in 0.003763 seconds 
========================================================================
Received Import Request.
  Time since last request: 10.755498 seconds.
  path: Assets/DoubleJumpState.cs
  artifactKey: Guid(4a522878473225c439a3b557222c4fbd) Importer(815301076,1909f56bfc062723c751e8b465ee728b)
Start importing Assets/DoubleJumpState.cs using Guid(4a522878473225c439a3b557222c4fbd) Importer(815301076,1909f56bfc062723c751e8b465ee728b)  -> (artifact id: 'ecf64bf531cf2b6735209f494fa1b589') in 0.008054 seconds 
========================================================================
Received Import Request.
  Time since last request: 85.464040 seconds.
  path: Assets/JumpingState.cs
  artifactKey: Guid(a422a65e6dc17674c83b2f4dc6a3f88d) Importer(815301076,1909f56bfc062723c751e8b465ee728b)
Start importing Assets/JumpingState.cs using Guid(a422a65e6dc17674c83b2f4dc6a3f88d) Importer(815301076,1909f56bfc062723c751e8b465ee728b)  -> (artifact id: 'd8b1110f2cc17b4b352673350400af95') in 0.002642 seconds 
========================================================================
Received Import Request.
  Time since last request: 165.077895 seconds.
  path: Assets/DoubleJumpState.cs
  artifactKey: Guid(4a522878473225c439a3b557222c4fbd) Importer(815301076,1909f56bfc062723c751e8b465ee728b)
Start importing Assets/DoubleJumpState.cs using Guid(4a522878473225c439a3b557222c4fbd) Importer(815301076,1909f56bfc062723c751e8b465ee728b)  -> (artifact id: 'd2f08c6560161293ea9edea989b4389e') in 0.003434 seconds 
